<?xml version="1.0" encoding="UTF-8"?>
<!-- Generated by org.testng.reporters.JUnitReportReporter -->
<testsuite skipped="0" hostname="QEDGE12-PC" name="myPackage.Class_2" tests="2" failures="0" timestamp="27 Oct 2016 04:29:19 GMT" time="0.010" errors="0">
  <testcase name="testMethod_A" time="0.004" classname="myPackage.Class_2"/>
  <testcase name="testMethod_B" time="0.006" classname="myPackage.Class_2"/>
</testsuite> <!-- myPackage.Class_2 -->
