<?xml version="1.0" encoding="UTF-8"?>
<!-- Generated by org.testng.reporters.JUnitReportReporter -->
<testsuite skipped="0" hostname="QEDGE12-PC" name="myPackage.Class_1" tests="3" failures="0" timestamp="5 Nov 2016 21:40:41 GMT" time="0.046" errors="0">
  <testcase name="testMethod_A" time="0.018" classname="myPackage.Class_1"/>
  <testcase name="testMethod_B" time="0.013" classname="myPackage.Class_1"/>
  <testcase name="testMethod_C" time="0.015" classname="myPackage.Class_1"/>
</testsuite> <!-- myPackage.Class_1 -->
